#
# A fatal error has been detected by the Java Runtime Environment:
#
#  SIGSEGV (0xb) at pc=0x00007f297ffd57ba, pid=7659, tid=0x00007f290c5fb700
#
# JRE version: OpenJDK Runtime Environment (8.0_131-b11) (build 1.8.0_131-8u131-b11-0ubuntu1.16.04.2-b11)
# Java VM: OpenJDK 64-Bit Server VM (25.131-b11 mixed mode linux-amd64 compressed oops)
# Problematic frame:
# v  ~BufferBlob::jni_fast_GetLongField
#
# Failed to write core dump. Core dumps have been disabled. To enable core dumping, try "ulimit -c unlimited" before starting Java again
#
# If you would like to submit a bug report, please visit:
#   http://bugreport.java.com/bugreport/crash.jsp
# The crash happened outside the Java Virtual Machine in native code.
# See problematic frame for where to report the bug.
#

---------------  T H R E A D  ---------------

Current thread (0x00007f291c41c800):  JavaThread "AWT-XAWT" daemon [_thread_in_native, id=7714, stack(0x00007f290c4fb000,0x00007f290c5fc000)]

siginfo: si_signo: 11 (SIGSEGV), si_code: 1 (SEGV_MAPERR), si_addr: 0x0000000000000000

Registers:
RAX=0x00007f29959f0020, RBX=0x00007f291c41c9e0, RCX=0x0000000000000000, RDX=0x0000000000000042
RSP=0x00007f290c5fa818, RBP=0x00007f290c5fa840, RSI=0x0000000000000000, RDI=0x00007f291c41c9e0
R8 =0x0000000000000320, R9 =0x0000000000000000, R10=0x00000000000003a0, R11=0x00007f2995457820
R12=0x00007f28a8035250, R13=0x0000000000000000, R14=0x00007f292e1b0b00, R15=0x00007f291c41c800
RIP=0x00007f297ffd57ba, EFLAGS=0x0000000000010246, CSGSFS=0x0000000000000033, ERR=0x0000000000000004
  TRAPNO=0x000000000000000e

Top of Stack: (sp=0x00007f290c5fa818)
0x00007f290c5fa818:   00007f292df8df74 00007f290ca3e198
0x00007f290c5fa828:   00007f28a8035250 00007f290ca3e198
0x00007f290c5fa838:   00007f290c5fa928 0000000000000000
0x00007f290c5fa848:   00007f293bd2a3c0 00007f290ca3e198
0x00007f290c5fa858:   00007f290c5fa880 0000000000000000
0x00007f290c5fa868:   00007f293bd21f93 00007f290ca3e198
0x00007f290c5fa878:   00007f292df85cef 00007f290c5fa8f0
0x00007f290c5fa888:   00007f297ff83774 00007f290c5fa970
0x00007f290c5fa898:   00007f298056890c 00007f290c5fa970
0x00007f290c5fa8a8:   00007f29805691e4 00007f290c5fa8b0
0x00007f290c5fa8b8:   0000000000000000 00007f290c5fa928
0x00007f290c5fa8c8:   00007f290ca428a0 0000000000000000
0x00007f290c5fa8d8:   00007f290ca3e198 0000000000000000
0x00007f290c5fa8e8:   00007f290c5fa910 00007f290c5fa970
0x00007f290c5fa8f8:   00007f297ff737d0 000000008557c998
0x00007f290c5fa908:   00007f297ff7d260 0000000000000000
0x00007f290c5fa918:   00007f290c5fa970 00007f28b0003060
0x00007f290c5fa928:   0000000085335a48 00007f290c5fa930
0x00007f290c5fa938:   00007f290ca11b9c 00007f290c5fa9b8
0x00007f290c5fa948:   00007f290ca32028 0000000000000000
0x00007f290c5fa958:   00007f290ca27e28 00007f290c5fa910
0x00007f290c5fa968:   00007f290c5fa9b0 00007f290c5faa00
0x00007f290c5fa978:   00007f297ff73ffd 0000000000000000
0x00007f290c5fa988:   00000000d766a9e8 0000000000000000
0x00007f290c5fa998:   0000000000000000 0000000000000000
0x00007f290c5fa9a8:   0000000085335a48 0000000000000000
0x00007f290c5fa9b8:   00000000852c2110 00007f290c5fa9c0